This is pdfTeX, Version 3.14159265-2.6-1.40.19 (MiKTeX 2.9.6800 64-bit) (preloaded format=pdflatex 2018.9.17)  2 APR 2019 18:04
entering extended mode
**./ProjectTemplate.tex
(ProjectTemplate.tex
LaTeX2e <2018-04-01> patch level 5
("C:\Users\Andrea\AppData\Local\Programs\MiKTeX 2.9\tex\latex\base\article.cls"
Document Class: article 2014/09/29 v1.4h Standard LaTeX document class
("C:\Users\Andrea\AppData\Local\Programs\MiKTeX 2.9\tex\latex\base\size12.clo"
File: size12.clo 2014/09/29 v1.4h Standard LaTeX file (size option)
)
\c@part=\count80
\c@section=\count81
\c@subsection=\count82
\c@subsubsection=\count83
\c@paragraph=\count84
\c@subparagraph=\count85
\c@figure=\count86
\c@table=\count87
\abovecaptionskip=\skip41
\belowcaptionskip=\skip42
\bibindent=\dimen102
)
("C:\Users\Andrea\AppData\Local\Programs\MiKTeX 2.9\tex\generic\babel\babel.sty
"
Package: babel 2018/06/05 3.22 The Babel package

("C:\Users\Andrea\AppData\Local\Programs\MiKTeX 2.9\tex\generic\babel\switch.de
f"
File: switch.def 2018/06/05 3.22 Babel switching mechanism
)
*************************************
* Local config file bblopts.cfg used
*
("C:\Users\Andrea\AppData\Local\Programs\MiKTeX 2.9\tex\latex\arabi\bblopts.cfg
"
File: bblopts.cfg 2005/09/08 v0.1 add Arabic and Farsi to "declared" options of
 babel
)
("C:\Users\Andrea\AppData\Local\Programs\MiKTeX 2.9\tex\latex\babel-english\eng
lish.ldf"
Language: english 2017/06/06 v3.3r English support from the babel system

("C:\Users\Andrea\AppData\Local\Programs\MiKTeX 2.9\tex\generic\babel\babel.def
"
File: babel.def 2018/06/05 3.22 Babel common definitions
\babel@savecnt=\count88
\U@D=\dimen103

("C:\Users\Andrea\AppData\Local\Programs\MiKTeX 2.9\tex\generic\babel\txtbabel.
def")
\bbl@dirlevel=\count89
)
\l@canadian = a dialect from \language\l@american 
\l@australian = a dialect from \language\l@british 
\l@newzealand = a dialect from \language\l@british 
))
("C:\Users\Andrea\AppData\Local\Programs\MiKTeX 2.9\tex\latex\base\inputenc.sty
"
Package: inputenc 2018/04/06 v1.3b Input encoding file
\inpenc@prehook=\toks14
\inpenc@posthook=\toks15
 ("C:\Users\Andrea\AppData\Local\Programs\MiKTeX 2.9\tex\latex\ucs\utf8x.def"
File: utf8x.def 2004/10/17 UCS: Input encoding UTF-8
)) ("C:\Users\Andrea\AppData\Local\Programs\MiKTeX 2.9\tex\latex\ucs\ucs.sty"
Package: ucs 2013/05/11 v2.2 UCS: Unicode input support

("C:\Users\Andrea\AppData\Local\Programs\MiKTeX 2.9\tex\latex\ucs\uni-global.de
f"
File: uni-global.def 2013/05/13 UCS: Unicode global data
)
\uc@secondtry=\count90
\uc@combtoks=\toks16
\uc@combtoksb=\toks17
\uc@temptokena=\toks18
)
("C:\Users\Andrea\AppData\Local\Programs\MiKTeX 2.9\tex\latex\amsmath\amsmath.s
ty"
Package: amsmath 2017/09/02 v2.17a AMS math features
\@mathmargin=\skip43

For additional information on amsmath, use the `?' option.

("C:\Users\Andrea\AppData\Local\Programs\MiKTeX 2.9\tex\latex\amsmath\amstext.s
ty"
Package: amstext 2000/06/29 v2.01 AMS text

("C:\Users\Andrea\AppData\Local\Programs\MiKTeX 2.9\tex\latex\amsmath\amsgen.st
y"
File: amsgen.sty 1999/11/30 v2.0 generic functions
\@emptytoks=\toks19
\ex@=\dimen104
))
("C:\Users\Andrea\AppData\Local\Programs\MiKTeX 2.9\tex\latex\amsmath\amsbsy.st
y"
Package: amsbsy 1999/11/29 v1.2d Bold Symbols
\pmbraise@=\dimen105
)
("C:\Users\Andrea\AppData\Local\Programs\MiKTeX 2.9\tex\latex\amsmath\amsopn.st
y"
Package: amsopn 2016/03/08 v2.02 operator names
)
\inf@bad=\count91
LaTeX Info: Redefining \frac on input line 213.
\uproot@=\count92
\leftroot@=\count93
LaTeX Info: Redefining \overline on input line 375.
\classnum@=\count94
\DOTSCASE@=\count95
LaTeX Info: Redefining \ldots on input line 472.
LaTeX Info: Redefining \dots on input line 475.
LaTeX Info: Redefining \cdots on input line 596.
\Mathstrutbox@=\box26
\strutbox@=\box27
\big@size=\dimen106
LaTeX Font Info:    Redeclaring font encoding OML on input line 712.
LaTeX Font Info:    Redeclaring font encoding OMS on input line 713.
\macc@depth=\count96
\c@MaxMatrixCols=\count97
\dotsspace@=\muskip10
\c@parentequation=\count98
\dspbrk@lvl=\count99
\tag@help=\toks20
\row@=\count100
\column@=\count101
\maxfields@=\count102
\andhelp@=\toks21
\eqnshift@=\dimen107
\alignsep@=\dimen108
\tagshift@=\dimen109
\tagwidth@=\dimen110
\totwidth@=\dimen111
\lineht@=\dimen112
\@envbody=\toks22
\multlinegap=\skip44
\multlinetaggap=\skip45
\mathdisplay@stack=\toks23
LaTeX Info: Redefining \[ on input line 2817.
LaTeX Info: Redefining \] on input line 2818.
)
("C:\Users\Andrea\AppData\Local\Programs\MiKTeX 2.9\tex\latex\graphics\graphicx
.sty"
Package: graphicx 2017/06/01 v1.1a Enhanced LaTeX Graphics (DPC,SPQR)

("C:\Users\Andrea\AppData\Local\Programs\MiKTeX 2.9\tex\latex\graphics\keyval.s
ty"
Package: keyval 2014/10/28 v1.15 key=value parser (DPC)
\KV@toks@=\toks24
)
("C:\Users\Andrea\AppData\Local\Programs\MiKTeX 2.9\tex\latex\graphics\graphics
.sty"
Package: graphics 2017/06/25 v1.2c Standard LaTeX Graphics (DPC,SPQR)

("C:\Users\Andrea\AppData\Local\Programs\MiKTeX 2.9\tex\latex\graphics\trig.sty
"
Package: trig 2016/01/03 v1.10 sin cos tan (DPC)
)
("C:\Users\Andrea\AppData\Local\Programs\MiKTeX 2.9\tex\latex\graphics-cfg\grap
hics.cfg"
File: graphics.cfg 2016/06/04 v1.11 sample graphics configuration
)
Package graphics Info: Driver file: pdftex.def on input line 99.

("C:\Users\Andrea\AppData\Local\Programs\MiKTeX 2.9\tex\latex\graphics-def\pdft
ex.def"
File: pdftex.def 2018/01/08 v1.0l Graphics/color driver for pdftex
))
\Gin@req@height=\dimen113
\Gin@req@width=\dimen114
)
("C:\Users\Andrea\AppData\Local\Programs\MiKTeX 2.9\tex\latex\xcolor\xcolor.sty
"
Package: xcolor 2016/05/11 v2.12 LaTeX color extensions (UK)

("C:\Users\Andrea\AppData\Local\Programs\MiKTeX 2.9\tex\latex\graphics-cfg\colo
r.cfg"
File: color.cfg 2016/01/02 v1.6 sample color configuration
)
Package xcolor Info: Driver file: pdftex.def on input line 225.

("C:\Users\Andrea\AppData\Local\Programs\MiKTeX 2.9\tex\latex\colortbl\colortbl
.sty"
Package: colortbl 2018/12/12 v1.0d Color table columns (DPC)

("C:\Users\Andrea\AppData\Local\Programs\MiKTeX 2.9\tex\latex\tools\array.sty"
Package: array 2018/04/30 v2.4h Tabular extension package (FMi)
\col@sep=\dimen115
\ar@mcellbox=\box28
\extrarowheight=\dimen116
\NC@list=\toks25
\extratabsurround=\skip46
\backup@length=\skip47
\ar@cellbox=\box29
)
\everycr=\toks26
\minrowclearance=\skip48
)
\rownum=\count103
Package xcolor Info: Model `cmy' substituted by `cmy0' on input line 1348.
Package xcolor Info: Model `hsb' substituted by `rgb' on input line 1352.
Package xcolor Info: Model `RGB' extended on input line 1364.
Package xcolor Info: Model `HTML' substituted by `rgb' on input line 1366.
Package xcolor Info: Model `Hsb' substituted by `hsb' on input line 1367.
Package xcolor Info: Model `tHsb' substituted by `hsb' on input line 1368.
Package xcolor Info: Model `HSB' substituted by `hsb' on input line 1369.
Package xcolor Info: Model `Gray' substituted by `gray' on input line 1370.
Package xcolor Info: Model `wave' substituted by `hsb' on input line 1371.
)
("C:\Users\Andrea\AppData\Local\Programs\MiKTeX 2.9\tex\latex\todonotes\todonot
es.sty"
Package: todonotes 2019/01/24 v1.1.2 Todonotes source and documentation.
Package: todonotes 2018/11/22

("C:\Users\Andrea\AppData\Local\Programs\MiKTeX 2.9\tex\latex\base\ifthen.sty"
Package: ifthen 2014/09/29 v1.1c Standard LaTeX ifthen package (DPC)
)
("C:\Users\Andrea\AppData\Local\Programs\MiKTeX 2.9\tex\latex\xkeyval\xkeyval.s
ty"
Package: xkeyval 2014/12/03 v2.7a package option processing (HA)

("C:\Users\Andrea\AppData\Local\Programs\MiKTeX 2.9\tex\generic\xkeyval\xkeyval
.tex"
("C:\Users\Andrea\AppData\Local\Programs\MiKTeX 2.9\tex\generic\xkeyval\xkvutil
s.tex"
\XKV@toks=\toks27
\XKV@tempa@toks=\toks28
)
\XKV@depth=\count104
File: xkeyval.tex 2014/12/03 v2.7a key=value parser (HA)
))
("C:\Users\Andrea\AppData\Local\Programs\MiKTeX 2.9\tex\latex\pgf\frontendlayer
\tikz.sty"
("C:\Users\Andrea\AppData\Local\Programs\MiKTeX 2.9\tex\latex\pgf\basiclayer\pg
f.sty"
("C:\Users\Andrea\AppData\Local\Programs\MiKTeX 2.9\tex\latex\pgf\utilities\pgf
rcs.sty"
("C:\Users\Andrea\AppData\Local\Programs\MiKTeX 2.9\tex\generic\pgf\utilities\p
gfutil-common.tex"
\pgfutil@everybye=\toks29
\pgfutil@tempdima=\dimen117
\pgfutil@tempdimb=\dimen118

("C:\Users\Andrea\AppData\Local\Programs\MiKTeX 2.9\tex\generic\pgf\utilities\p
gfutil-common-lists.tex"))
("C:\Users\Andrea\AppData\Local\Programs\MiKTeX 2.9\tex\generic\pgf\utilities\p
gfutil-latex.def"
\pgfutil@abb=\box30

("C:\Users\Andrea\AppData\Local\Programs\MiKTeX 2.9\tex\latex\ms\everyshi.sty"
Package: everyshi 2001/05/15 v3.00 EveryShipout Package (MS)
))
("C:\Users\Andrea\AppData\Local\Programs\MiKTeX 2.9\tex\generic\pgf\utilities\p
gfrcs.code.tex"
("C:\Users\Andrea\AppData\Local\Programs\MiKTeX 2.9\tex\generic\pgf\pgf.revisio
n.tex")
Package: pgfrcs 2019/02/02 v3.1.1 (3.1.1)
))
Package: pgf 2019/02/02 v3.1.1 (3.1.1)

("C:\Users\Andrea\AppData\Local\Programs\MiKTeX 2.9\tex\latex\pgf\basiclayer\pg
fcore.sty"
("C:\Users\Andrea\AppData\Local\Programs\MiKTeX 2.9\tex\latex\pgf\systemlayer\p
gfsys.sty"
("C:\Users\Andrea\AppData\Local\Programs\MiKTeX 2.9\tex\generic\pgf\systemlayer
\pgfsys.code.tex"
Package: pgfsys 2019/02/02 v3.1.1 (3.1.1)

("C:\Users\Andrea\AppData\Local\Programs\MiKTeX 2.9\tex\generic\pgf\utilities\p
gfkeys.code.tex"
\pgfkeys@pathtoks=\toks30
\pgfkeys@temptoks=\toks31

("C:\Users\Andrea\AppData\Local\Programs\MiKTeX 2.9\tex\generic\pgf\utilities\p
gfkeysfiltered.code.tex"
\pgfkeys@tmptoks=\toks32
))
\pgf@x=\dimen119
\pgf@y=\dimen120
\pgf@xa=\dimen121
\pgf@ya=\dimen122
\pgf@xb=\dimen123
\pgf@yb=\dimen124
\pgf@xc=\dimen125
\pgf@yc=\dimen126
\w@pgf@writea=\write3
\r@pgf@reada=\read1
\c@pgf@counta=\count105
\c@pgf@countb=\count106
\c@pgf@countc=\count107
\c@pgf@countd=\count108
\t@pgf@toka=\toks33
\t@pgf@tokb=\toks34
\t@pgf@tokc=\toks35
\pgf@sys@id@count=\count109

("C:\Users\Andrea\AppData\Local\Programs\MiKTeX 2.9\tex\generic\pgf\systemlayer
\pgf.cfg"
File: pgf.cfg 2019/02/02 v3.1.1 (3.1.1)
)
Driver file for pgf: pgfsys-pdftex.def

("C:\Users\Andrea\AppData\Local\Programs\MiKTeX 2.9\tex\generic\pgf\systemlayer
\pgfsys-pdftex.def"
File: pgfsys-pdftex.def 2019/02/02 v3.1.1 (3.1.1)

("C:\Users\Andrea\AppData\Local\Programs\MiKTeX 2.9\tex\generic\pgf\systemlayer
\pgfsys-common-pdf.def"
File: pgfsys-common-pdf.def 2019/02/02 v3.1.1 (3.1.1)
)))
("C:\Users\Andrea\AppData\Local\Programs\MiKTeX 2.9\tex\generic\pgf\systemlayer
\pgfsyssoftpath.code.tex"
File: pgfsyssoftpath.code.tex 2019/02/02 v3.1.1 (3.1.1)
\pgfsyssoftpath@smallbuffer@items=\count110
\pgfsyssoftpath@bigbuffer@items=\count111
)
("C:\Users\Andrea\AppData\Local\Programs\MiKTeX 2.9\tex\generic\pgf\systemlayer
\pgfsysprotocol.code.tex"
File: pgfsysprotocol.code.tex 2019/02/02 v3.1.1 (3.1.1)
))
("C:\Users\Andrea\AppData\Local\Programs\MiKTeX 2.9\tex\generic\pgf\basiclayer\
pgfcore.code.tex"
Package: pgfcore 2019/02/02 v3.1.1 (3.1.1)

("C:\Users\Andrea\AppData\Local\Programs\MiKTeX 2.9\tex\generic\pgf\math\pgfmat
h.code.tex"
("C:\Users\Andrea\AppData\Local\Programs\MiKTeX 2.9\tex\generic\pgf\math\pgfmat
hcalc.code.tex"
("C:\Users\Andrea\AppData\Local\Programs\MiKTeX 2.9\tex\generic\pgf\math\pgfmat
hutil.code.tex")
("C:\Users\Andrea\AppData\Local\Programs\MiKTeX 2.9\tex\generic\pgf\math\pgfmat
hparser.code.tex"
\pgfmath@dimen=\dimen127
\pgfmath@count=\count112
\pgfmath@box=\box31
\pgfmath@toks=\toks36
\pgfmath@stack@operand=\toks37
\pgfmath@stack@operation=\toks38
)
("C:\Users\Andrea\AppData\Local\Programs\MiKTeX 2.9\tex\generic\pgf\math\pgfmat
hfunctions.code.tex"
("C:\Users\Andrea\AppData\Local\Programs\MiKTeX 2.9\tex\generic\pgf\math\pgfmat
hfunctions.basic.code.tex")
("C:\Users\Andrea\AppData\Local\Programs\MiKTeX 2.9\tex\generic\pgf\math\pgfmat
hfunctions.trigonometric.code.tex")
("C:\Users\Andrea\AppData\Local\Programs\MiKTeX 2.9\tex\generic\pgf\math\pgfmat
hfunctions.random.code.tex")
("C:\Users\Andrea\AppData\Local\Programs\MiKTeX 2.9\tex\generic\pgf\math\pgfmat
hfunctions.comparison.code.tex")
("C:\Users\Andrea\AppData\Local\Programs\MiKTeX 2.9\tex\generic\pgf\math\pgfmat
hfunctions.base.code.tex")
("C:\Users\Andrea\AppData\Local\Programs\MiKTeX 2.9\tex\generic\pgf\math\pgfmat
hfunctions.round.code.tex")
("C:\Users\Andrea\AppData\Local\Programs\MiKTeX 2.9\tex\generic\pgf\math\pgfmat
hfunctions.misc.code.tex")
("C:\Users\Andrea\AppData\Local\Programs\MiKTeX 2.9\tex\generic\pgf\math\pgfmat
hfunctions.integerarithmetics.code.tex")))
("C:\Users\Andrea\AppData\Local\Programs\MiKTeX 2.9\tex\generic\pgf\math\pgfmat
hfloat.code.tex"
\c@pgfmathroundto@lastzeros=\count113
))
("C:\Users\Andrea\AppData\Local\Programs\MiKTeX 2.9\tex\generic\pgf\basiclayer\
pgfcorepoints.code.tex"
File: pgfcorepoints.code.tex 2019/02/02 v3.1.1 (3.1.1)
\pgf@picminx=\dimen128
\pgf@picmaxx=\dimen129
\pgf@picminy=\dimen130
\pgf@picmaxy=\dimen131
\pgf@pathminx=\dimen132
\pgf@pathmaxx=\dimen133
\pgf@pathminy=\dimen134
\pgf@pathmaxy=\dimen135
\pgf@xx=\dimen136
\pgf@xy=\dimen137
\pgf@yx=\dimen138
\pgf@yy=\dimen139
\pgf@zx=\dimen140
\pgf@zy=\dimen141
)
("C:\Users\Andrea\AppData\Local\Programs\MiKTeX 2.9\tex\generic\pgf\basiclayer\
pgfcorepathconstruct.code.tex"
File: pgfcorepathconstruct.code.tex 2019/02/02 v3.1.1 (3.1.1)
\pgf@path@lastx=\dimen142
\pgf@path@lasty=\dimen143
)
("C:\Users\Andrea\AppData\Local\Programs\MiKTeX 2.9\tex\generic\pgf\basiclayer\
pgfcorepathusage.code.tex"
File: pgfcorepathusage.code.tex 2019/02/02 v3.1.1 (3.1.1)
\pgf@shorten@end@additional=\dimen144
\pgf@shorten@start@additional=\dimen145
)
("C:\Users\Andrea\AppData\Local\Programs\MiKTeX 2.9\tex\generic\pgf\basiclayer\
pgfcorescopes.code.tex"
File: pgfcorescopes.code.tex 2019/02/02 v3.1.1 (3.1.1)
\pgfpic=\box32
\pgf@hbox=\box33
\pgf@layerbox@main=\box34
\pgf@picture@serial@count=\count114
)
("C:\Users\Andrea\AppData\Local\Programs\MiKTeX 2.9\tex\generic\pgf\basiclayer\
pgfcoregraphicstate.code.tex"
File: pgfcoregraphicstate.code.tex 2019/02/02 v3.1.1 (3.1.1)
\pgflinewidth=\dimen146
)
("C:\Users\Andrea\AppData\Local\Programs\MiKTeX 2.9\tex\generic\pgf\basiclayer\
pgfcoretransformations.code.tex"
File: pgfcoretransformations.code.tex 2019/02/02 v3.1.1 (3.1.1)
\pgf@pt@x=\dimen147
\pgf@pt@y=\dimen148
\pgf@pt@temp=\dimen149
)
("C:\Users\Andrea\AppData\Local\Programs\MiKTeX 2.9\tex\generic\pgf\basiclayer\
pgfcorequick.code.tex"
File: pgfcorequick.code.tex 2019/02/02 v3.1.1 (3.1.1)
)
("C:\Users\Andrea\AppData\Local\Programs\MiKTeX 2.9\tex\generic\pgf\basiclayer\
pgfcoreobjects.code.tex"
File: pgfcoreobjects.code.tex 2019/02/02 v3.1.1 (3.1.1)
)
("C:\Users\Andrea\AppData\Local\Programs\MiKTeX 2.9\tex\generic\pgf\basiclayer\
pgfcorepathprocessing.code.tex"
File: pgfcorepathprocessing.code.tex 2019/02/02 v3.1.1 (3.1.1)
)
("C:\Users\Andrea\AppData\Local\Programs\MiKTeX 2.9\tex\generic\pgf\basiclayer\
pgfcorearrows.code.tex"
File: pgfcorearrows.code.tex 2019/02/02 v3.1.1 (3.1.1)
\pgfarrowsep=\dimen150
)
("C:\Users\Andrea\AppData\Local\Programs\MiKTeX 2.9\tex\generic\pgf\basiclayer\
pgfcoreshade.code.tex"
File: pgfcoreshade.code.tex 2019/02/02 v3.1.1 (3.1.1)
\pgf@max=\dimen151
\pgf@sys@shading@range@num=\count115
)
("C:\Users\Andrea\AppData\Local\Programs\MiKTeX 2.9\tex\generic\pgf\basiclayer\
pgfcoreimage.code.tex"
File: pgfcoreimage.code.tex 2019/02/02 v3.1.1 (3.1.1)

("C:\Users\Andrea\AppData\Local\Programs\MiKTeX 2.9\tex\generic\pgf\basiclayer\
pgfcoreexternal.code.tex"
File: pgfcoreexternal.code.tex 2019/02/02 v3.1.1 (3.1.1)
\pgfexternal@startupbox=\box35
))
("C:\Users\Andrea\AppData\Local\Programs\MiKTeX 2.9\tex\generic\pgf\basiclayer\
pgfcorelayers.code.tex"
File: pgfcorelayers.code.tex 2019/02/02 v3.1.1 (3.1.1)
)
("C:\Users\Andrea\AppData\Local\Programs\MiKTeX 2.9\tex\generic\pgf\basiclayer\
pgfcoretransparency.code.tex"
File: pgfcoretransparency.code.tex 2019/02/02 v3.1.1 (3.1.1)
)
("C:\Users\Andrea\AppData\Local\Programs\MiKTeX 2.9\tex\generic\pgf\basiclayer\
pgfcorepatterns.code.tex"
File: pgfcorepatterns.code.tex 2019/02/02 v3.1.1 (3.1.1)
)
("C:\Users\Andrea\AppData\Local\Programs\MiKTeX 2.9\tex\generic\pgf\basiclayer\
pgfcorerdf.code.tex"
File: pgfcorerdf.code.tex 2019/02/02 v3.1.1 (3.1.1)
)))
("C:\Users\Andrea\AppData\Local\Programs\MiKTeX 2.9\tex\generic\pgf\modules\pgf
moduleshapes.code.tex"
File: pgfmoduleshapes.code.tex 2019/02/02 v3.1.1 (3.1.1)
\pgfnodeparttextbox=\box36
)
("C:\Users\Andrea\AppData\Local\Programs\MiKTeX 2.9\tex\generic\pgf\modules\pgf
moduleplot.code.tex"
File: pgfmoduleplot.code.tex 2019/02/02 v3.1.1 (3.1.1)
)
("C:\Users\Andrea\AppData\Local\Programs\MiKTeX 2.9\tex\latex\pgf\compatibility
\pgfcomp-version-0-65.sty"
Package: pgfcomp-version-0-65 2019/02/02 v3.1.1 (3.1.1)
\pgf@nodesepstart=\dimen152
\pgf@nodesepend=\dimen153
)
("C:\Users\Andrea\AppData\Local\Programs\MiKTeX 2.9\tex\latex\pgf\compatibility
\pgfcomp-version-1-18.sty"
Package: pgfcomp-version-1-18 2019/02/02 v3.1.1 (3.1.1)
))
("C:\Users\Andrea\AppData\Local\Programs\MiKTeX 2.9\tex\latex\pgf\utilities\pgf
for.sty"
("C:\Users\Andrea\AppData\Local\Programs\MiKTeX 2.9\tex\latex\pgf\utilities\pgf
keys.sty"
("C:\Users\Andrea\AppData\Local\Programs\MiKTeX 2.9\tex\generic\pgf\utilities\p
gfkeys.code.tex"))
("C:\Users\Andrea\AppData\Local\Programs\MiKTeX 2.9\tex\latex\pgf\math\pgfmath.
sty"
("C:\Users\Andrea\AppData\Local\Programs\MiKTeX 2.9\tex\generic\pgf\math\pgfmat
h.code.tex"))
("C:\Users\Andrea\AppData\Local\Programs\MiKTeX 2.9\tex\generic\pgf\utilities\p
gffor.code.tex"
Package: pgffor 2019/02/02 v3.1.1 (3.1.1)

("C:\Users\Andrea\AppData\Local\Programs\MiKTeX 2.9\tex\generic\pgf\math\pgfmat
h.code.tex")
\pgffor@iter=\dimen154
\pgffor@skip=\dimen155
\pgffor@stack=\toks39
\pgffor@toks=\toks40
))
("C:\Users\Andrea\AppData\Local\Programs\MiKTeX 2.9\tex\generic\pgf\frontendlay
er\tikz\tikz.code.tex"
Package: tikz 2019/02/02 v3.1.1 (3.1.1)

("C:\Users\Andrea\AppData\Local\Programs\MiKTeX 2.9\tex\generic\pgf\libraries\p
gflibraryplothandlers.code.tex"
File: pgflibraryplothandlers.code.tex 2019/02/02 v3.1.1 (3.1.1)
\pgf@plot@mark@count=\count116
\pgfplotmarksize=\dimen156
)
\tikz@lastx=\dimen157
\tikz@lasty=\dimen158
\tikz@lastxsaved=\dimen159
\tikz@lastysaved=\dimen160
\tikzleveldistance=\dimen161
\tikzsiblingdistance=\dimen162
\tikz@figbox=\box37
\tikz@figbox@bg=\box38
\tikz@tempbox=\box39
\tikz@tempbox@bg=\box40
\tikztreelevel=\count117
\tikznumberofchildren=\count118
\tikznumberofcurrentchild=\count119
\tikz@fig@count=\count120

("C:\Users\Andrea\AppData\Local\Programs\MiKTeX 2.9\tex\generic\pgf\modules\pgf
modulematrix.code.tex"
File: pgfmodulematrix.code.tex 2019/02/02 v3.1.1 (3.1.1)
\pgfmatrixcurrentrow=\count121
\pgfmatrixcurrentcolumn=\count122
\pgf@matrix@numberofcolumns=\count123
)
\tikz@expandcount=\count124

("C:\Users\Andrea\AppData\Local\Programs\MiKTeX 2.9\tex\generic\pgf\frontendlay
er\tikz\libraries\tikzlibrarytopaths.code.tex"
File: tikzlibrarytopaths.code.tex 2019/02/02 v3.1.1 (3.1.1)
)))
("C:\Users\Andrea\AppData\Local\Programs\MiKTeX 2.9\tex\generic\pgf\frontendlay
er\tikz\libraries\tikzlibrarypositioning.code.tex"
File: tikzlibrarypositioning.code.tex 2019/02/02 v3.1.1 (3.1.1)
)
("C:\Users\Andrea\AppData\Local\Programs\MiKTeX 2.9\tex\generic\pgf\frontendlay
er\tikz\libraries\tikzlibraryshadows.code.tex"
File: tikzlibraryshadows.code.tex 2019/02/02 v3.1.1 (3.1.1)

("C:\Users\Andrea\AppData\Local\Programs\MiKTeX 2.9\tex\generic\pgf\frontendlay
er\tikz\libraries\tikzlibraryfadings.code.tex"
File: tikzlibraryfadings.code.tex 2019/02/02 v3.1.1 (3.1.1)

("C:\Users\Andrea\AppData\Local\Programs\MiKTeX 2.9\tex\generic\pgf\libraries\p
gflibraryfadings.code.tex"
File: pgflibraryfadings.code.tex 2019/02/02 v3.1.1 (3.1.1)
)))
("C:\Users\Andrea\AppData\Local\Programs\MiKTeX 2.9\tex\latex\tools\calc.sty"
Package: calc 2017/05/25 v4.3 Infix arithmetic (KKT,FJ)
\calc@Acount=\count125
\calc@Bcount=\count126
\calc@Adimen=\dimen163
\calc@Bdimen=\dimen164
\calc@Askip=\skip49
\calc@Bskip=\skip50
LaTeX Info: Redefining \setlength on input line 80.
LaTeX Info: Redefining \addtolength on input line 81.
\calc@Ccount=\count127
\calc@Cskip=\skip51
)
\c@@todonotes@numberoftodonotes=\count128
)
("C:\Users\Andrea\AppData\Local\Programs\MiKTeX 2.9\tex\latex\hyperref\hyperref
.sty"
Package: hyperref 2018/02/06 v6.86b Hypertext links for LaTeX

("C:\Users\Andrea\AppData\Local\Programs\MiKTeX 2.9\tex\generic\oberdiek\hobsub
-hyperref.sty"
Package: hobsub-hyperref 2016/05/16 v1.14 Bundle oberdiek, subset hyperref (HO)


("C:\Users\Andrea\AppData\Local\Programs\MiKTeX 2.9\tex\generic\oberdiek\hobsub
-generic.sty"
Package: hobsub-generic 2016/05/16 v1.14 Bundle oberdiek, subset generic (HO)
Package: hobsub 2016/05/16 v1.14 Construct package bundles (HO)
Package: infwarerr 2016/05/16 v1.4 Providing info/warning/error messages (HO)
Package: ltxcmds 2016/05/16 v1.23 LaTeX kernel commands for general use (HO)
Package: ifluatex 2016/05/16 v1.4 Provides the ifluatex switch (HO)
Package ifluatex Info: LuaTeX not detected.
Package: ifvtex 2016/05/16 v1.6 Detect VTeX and its facilities (HO)
Package ifvtex Info: VTeX not detected.
Package: intcalc 2016/05/16 v1.2 Expandable calculations with integers (HO)
Package: ifpdf 2017/03/15 v3.2 Provides the ifpdf switch
Package: etexcmds 2016/05/16 v1.6 Avoid name clashes with e-TeX commands (HO)
Package etexcmds Info: Could not find \expanded.
(etexcmds)             That can mean that you are not using pdfTeX 1.50 or
(etexcmds)             that some package has redefined \expanded.
(etexcmds)             In the latter case, load this package earlier.
Package: kvsetkeys 2016/05/16 v1.17 Key value parser (HO)
Package: kvdefinekeys 2016/05/16 v1.4 Define keys (HO)
Package: pdftexcmds 2018/01/30 v0.27 Utility functions of pdfTeX for LuaTeX (HO
)
Package pdftexcmds Info: LuaTeX not detected.
Package pdftexcmds Info: \pdf@primitive is available.
Package pdftexcmds Info: \pdf@ifprimitive is available.
Package pdftexcmds Info: \pdfdraftmode found.
Package: pdfescape 2016/05/16 v1.14 Implements pdfTeX's escape features (HO)
Package: bigintcalc 2016/05/16 v1.4 Expandable calculations on big integers (HO
)
Package: bitset 2016/05/16 v1.2 Handle bit-vector datatype (HO)
Package: uniquecounter 2016/05/16 v1.3 Provide unlimited unique counter (HO)
)
Package hobsub Info: Skipping package `hobsub' (already loaded).
Package: letltxmacro 2016/05/16 v1.5 Let assignment for LaTeX macros (HO)
Package: hopatch 2016/05/16 v1.3 Wrapper for package hooks (HO)
Package: xcolor-patch 2016/05/16 xcolor patch
Package: atveryend 2016/05/16 v1.9 Hooks at the very end of document (HO)
Package atveryend Info: \enddocument detected (standard20110627).
Package: atbegshi 2016/06/09 v1.18 At begin shipout hook (HO)
Package: refcount 2016/05/16 v3.5 Data extraction from label references (HO)
Package: hycolor 2016/05/16 v1.8 Color options for hyperref/bookmark (HO)
)
("C:\Users\Andrea\AppData\Local\Programs\MiKTeX 2.9\tex\generic\ifxetex\ifxetex
.sty"
Package: ifxetex 2010/09/12 v0.6 Provides ifxetex conditional
)
("C:\Users\Andrea\AppData\Local\Programs\MiKTeX 2.9\tex\latex\oberdiek\auxhook.
sty"
Package: auxhook 2016/05/16 v1.4 Hooks for auxiliary files (HO)
)
("C:\Users\Andrea\AppData\Local\Programs\MiKTeX 2.9\tex\latex\oberdiek\kvoption
s.sty"
Package: kvoptions 2016/05/16 v3.12 Key value format for package options (HO)
)
\@linkdim=\dimen165
\Hy@linkcounter=\count129
\Hy@pagecounter=\count130

("C:\Users\Andrea\AppData\Local\Programs\MiKTeX 2.9\tex\latex\hyperref\pd1enc.d
ef"
File: pd1enc.def 2018/02/06 v6.86b Hyperref: PDFDocEncoding definition (HO)
)
\Hy@SavedSpaceFactor=\count131

("C:\Users\Andrea\AppData\Local\Programs\MiKTeX 2.9\tex\latex\00miktex\hyperref
.cfg"
File: hyperref.cfg 2002/06/06 v1.2 hyperref configuration of TeXLive
)
Package hyperref Info: Option `breaklinks' set `true' on input line 4383.
Package hyperref Info: Hyper figures OFF on input line 4509.
Package hyperref Info: Link nesting OFF on input line 4514.
Package hyperref Info: Hyper index ON on input line 4517.
Package hyperref Info: Plain pages OFF on input line 4524.
Package hyperref Info: Backreferencing OFF on input line 4529.
Package hyperref Info: Implicit mode ON; LaTeX internals redefined.
Package hyperref Info: Bookmarks ON on input line 4762.
\c@Hy@tempcnt=\count132
 ("C:\Users\Andrea\AppData\Local\Programs\MiKTeX 2.9\tex\latex\url\url.sty"
\Urlmuskip=\muskip11
Package: url 2013/09/16  ver 3.4  Verb mode for urls, etc.
)
LaTeX Info: Redefining \url on input line 5115.
\XeTeXLinkMargin=\dimen166
\Fld@menulength=\count133
\Field@Width=\dimen167
\Fld@charsize=\dimen168
Package hyperref Info: Hyper figures OFF on input line 6369.
Package hyperref Info: Link nesting OFF on input line 6374.
Package hyperref Info: Hyper index ON on input line 6377.
Package hyperref Info: backreferencing OFF on input line 6384.
Package hyperref Info: Link coloring OFF on input line 6389.
Package hyperref Info: Link coloring with OCG OFF on input line 6394.
Package hyperref Info: PDF/A mode OFF on input line 6399.
LaTeX Info: Redefining \ref on input line 6439.
LaTeX Info: Redefining \pageref on input line 6443.
\Hy@abspage=\count134
\c@Item=\count135
\c@Hfootnote=\count136
)
Package hyperref Info: Driver (autodetected): hpdftex.

("C:\Users\Andrea\AppData\Local\Programs\MiKTeX 2.9\tex\latex\hyperref\hpdftex.
def"
File: hpdftex.def 2018/02/06 v6.86b Hyperref driver for pdfTeX
\Fld@listcount=\count137
\c@bookmark@seq@number=\count138

("C:\Users\Andrea\AppData\Local\Programs\MiKTeX 2.9\tex\latex\oberdiek\rerunfil
echeck.sty"
Package: rerunfilecheck 2016/05/16 v1.8 Rerun checks for auxiliary files (HO)
Package uniquecounter Info: New unique counter `rerunfilecheck' on input line 2
82.
)
\Hy@SectionHShift=\skip52
)
("C:\Users\Andrea\AppData\Local\Programs\MiKTeX 2.9\tex\latex\multirow\multirow
.sty"
Package: multirow 2018/08/03 v2.3 Span multiple rows of a table
\multirow@colwidth=\skip53
\multirow@cntb=\count139
\multirow@dima=\skip54
\bigstrutjot=\dimen169
)
("C:\Users\Andrea\AppData\Local\Programs\MiKTeX 2.9\tex\latex\caption\caption.s
ty"
Package: caption 2018/10/06 v3.3-154 Customizing captions (AR)

("C:\Users\Andrea\AppData\Local\Programs\MiKTeX 2.9\tex\latex\caption\caption3.
sty"
Package: caption3 2018/09/12 v1.8c caption3 kernel (AR)
Package caption3 Info: TeX engine: e-TeX on input line 64.
\captionmargin=\dimen170
\captionmargin@=\dimen171
\captionwidth=\dimen172
\caption@tempdima=\dimen173
\caption@indent=\dimen174
\caption@parindent=\dimen175
\caption@hangindent=\dimen176
)
\c@caption@flags=\count140
\c@ContinuedFloat=\count141
Package caption Info: hyperref package is loaded.
) (ProjectTemplate.aux)
\openout1 = `ProjectTemplate.aux'.

LaTeX Font Info:    Checking defaults for OML/cmm/m/it on input line 12.
LaTeX Font Info:    ... okay on input line 12.
LaTeX Font Info:    Checking defaults for T1/cmr/m/n on input line 12.
LaTeX Font Info:    ... okay on input line 12.
LaTeX Font Info:    Checking defaults for OT1/cmr/m/n on input line 12.
LaTeX Font Info:    ... okay on input line 12.
LaTeX Font Info:    Checking defaults for OMS/cmsy/m/n on input line 12.
LaTeX Font Info:    ... okay on input line 12.
LaTeX Font Info:    Checking defaults for OMX/cmex/m/n on input line 12.
LaTeX Font Info:    ... okay on input line 12.
LaTeX Font Info:    Checking defaults for U/cmr/m/n on input line 12.
LaTeX Font Info:    ... okay on input line 12.
LaTeX Font Info:    Checking defaults for PD1/pdf/m/n on input line 12.
LaTeX Font Info:    ... okay on input line 12.

("C:\Users\Andrea\AppData\Local\Programs\MiKTeX 2.9\tex\latex\ucs\ucsencs.def"
File: ucsencs.def 2011/01/21 Fixes to fontencodings LGR, T3
)
("C:\Users\Andrea\AppData\Local\Programs\MiKTeX 2.9\tex\context\base\supp-pdf.m
kii"
[Loading MPS to PDF converter (version 2006.09.02).]
\scratchcounter=\count142
\scratchdimen=\dimen177
\scratchbox=\box41
\nofMPsegments=\count143
\nofMParguments=\count144
\everyMPshowfont=\toks41
\MPscratchCnt=\count145
\MPscratchDim=\dimen178
\MPnumerator=\count146
\makeMPintoPDFobject=\count147
\everyMPtoPDFconversion=\toks42
)
("C:\Users\Andrea\AppData\Local\Programs\MiKTeX 2.9\tex\latex\oberdiek\epstopdf
-base.sty"
Package: epstopdf-base 2016/05/15 v2.6 Base part for package epstopdf

("C:\Users\Andrea\AppData\Local\Programs\MiKTeX 2.9\tex\latex\oberdiek\grfext.s
ty"
Package: grfext 2016/05/16 v1.2 Manage graphics extensions (HO)
)
Package epstopdf-base Info: Redefining graphics rule for `.eps' on input line 4
38.
Package grfext Info: Graphics extension search list:
(grfext)             [.pdf,.png,.jpg,.mps,.jpeg,.jbig2,.jb2,.PDF,.PNG,.JPG,.JPE
G,.JBIG2,.JB2,.eps]
(grfext)             \AppendGraphicsExtensions on input line 456.
) ABD: EveryShipout initializing macros

Package todonotes Warning: The length marginparwidth is less than 2cm and will 
most likely cause issues with the appearance of inserted todonotes. The issue c
an be solved by adding a line like \setlength {\marginparwidth }{2cm} prior to 
loading the todonotes package. on input line 12.

\AtBeginShipoutBox=\box42
Package hyperref Info: Link coloring OFF on input line 12.

("C:\Users\Andrea\AppData\Local\Programs\MiKTeX 2.9\tex\latex\hyperref\nameref.
sty"
Package: nameref 2016/05/21 v2.44 Cross-referencing by name of section

("C:\Users\Andrea\AppData\Local\Programs\MiKTeX 2.9\tex\generic\oberdiek\gettit
lestring.sty"
Package: gettitlestring 2016/05/16 v1.5 Cleanup title references (HO)
)
\c@section@level=\count148
)
LaTeX Info: Redefining \ref on input line 12.
LaTeX Info: Redefining \pageref on input line 12.
LaTeX Info: Redefining \nameref on input line 12.
 (ProjectTemplate.out) (ProjectTemplate.out)
\@outlinefile=\write4
\openout4 = `ProjectTemplate.out'.

Package caption Info: Begin \AtBeginDocument code.
Package caption Info: End \AtBeginDocument code.

("C:\Users\Andrea\AppData\Local\Programs\MiKTeX 2.9\tex\latex\ucs\uni-0.def"
File: uni-0.def 2013/05/13 UCS: Unicode data U+0000..U+00FF
)
<logo.png, id=198, 160.6pt x 172.645pt>
File: logo.png Graphic file (type png)
<use logo.png>
Package pdftex.def Info: logo.png  used on input line 51.
(pdftex.def)             Requested size: 160.5996pt x 172.64456pt.

[1

{C:/Users/Andrea/AppData/Local/MiKTeX/2.9/pdftex/config/pdftex.map} <./logo.png
 (PNG copy)>] (ProjectTemplate.tocpdfTeX warning (ext4): destination with the s
ame identifier (name{page.1}) has been already used, duplicate ignored
<to be read again> 
                   \relax 
l.36 ...\numberline {6}Simulazione}{25}{section.6}
                                                   [1])
\tf@toc=\write5
\openout5 = `ProjectTemplate.toc'.

 [2]
(ProjectTemplate.lof)
\tf@lof=\write6
\openout6 = `ProjectTemplate.lof'.

 (ProjectTemplate.lot)
\tf@lot=\write7
\openout7 = `ProjectTemplate.lot'.

 [3]
("C:\Users\Andrea\AppData\Local\Programs\MiKTeX 2.9\tex\latex\ucs\uni-32.def"
File: uni-32.def 2013/05/13 UCS: Unicode data U+2000..U+20FF
)
LaTeX Font Info:    Try loading font information for OMS+cmr on input line 88.

("C:\Users\Andrea\AppData\Local\Programs\MiKTeX 2.9\tex\latex\base\omscmr.fd"
File: omscmr.fd 2014/09/29 v2.5h Standard LaTeX font definitions
)
LaTeX Font Info:    Font shape `OMS/cmr/m/n' in size <12> not available
(Font)              Font shape `OMS/cmsy/m/n' tried instead on input line 88.

[4]
Underfull \hbox (badness 10000) in paragraph at lines 102--103

 []

<Figures/Vario/Agente.png, id=307, 250.41554pt x 121.4136pt>
File: Figures/Vario/Agente.png Graphic file (type png)
<use Figures/Vario/Agente.png>
Package pdftex.def Info: Figures/Vario/Agente.png  used on input line 105.
(pdftex.def)             Requested size: 390.01239pt x 189.09691pt.

Underfull \hbox (badness 10000) in paragraph at lines 110--111

 []

[5 <./Figures/Vario/Agente.png>]
Overfull \hbox (13.05138pt too wide) in paragraph at lines 125--126
\OT1/cmr/m/n/12 Per questo la-voro an-dremo a con-sid-er-are la prima cat-e-go-
ria ri-por-tata nell'elenco,
 []

[6]
<Figures/Vario/Simulazione.jpg, id=321, 587.49487pt x 245.41687pt>
File: Figures/Vario/Simulazione.jpg Graphic file (type jpg)
<use Figures/Vario/Simulazione.jpg>
Package pdftex.def Info: Figures/Vario/Simulazione.jpg  used on input line 155.

(pdftex.def)             Requested size: 351.01154pt x 146.62962pt.
 [7 <./Figures/Vario/Simulazione.jpg>]
<Figures/Vario/MAS.png, id=327, 405.76593pt x 185.94469pt>
File: Figures/Vario/MAS.png Graphic file (type png)
<use Figures/Vario/MAS.png>
Package pdftex.def Info: Figures/Vario/MAS.png  used on input line 167.
(pdftex.def)             Requested size: 351.00746pt x 160.85127pt.

Underfull \hbox (badness 10000) in paragraph at lines 172--173

 []

[8 <./Figures/Vario/MAS.png>]
Underfull \hbox (badness 10000) in paragraph at lines 183--184

 []

<Figures/Vario/Agent_Interaction.png, id=337, 501.37312pt x 303.534pt>
File: Figures/Vario/Agent_Interaction.png Graphic file (type png)
<use Figures/Vario/Agent_Interaction.png>
Package pdftex.def Info: Figures/Vario/Agent_Interaction.png  used on input lin
e 189.
(pdftex.def)             Requested size: 390.02136pt x 236.12103pt.

Underfull \hbox (badness 10000) in paragraph at lines 194--195

 []

[9 <./Figures/Vario/Agent_Interaction.png>] [10]
Underfull \hbox (badness 10000) in paragraph at lines 230--231

 []

<Figures/Vario/AGV.jpg, id=347, 1057.9525pt x 430.60875pt>
File: Figures/Vario/AGV.jpg Graphic file (type jpg)
<use Figures/Vario/AGV.jpg>
Package pdftex.def Info: Figures/Vario/AGV.jpg  used on input line 234.
(pdftex.def)             Requested size: 389.99957pt x 158.73795pt.
[11 <./Figures/Vario/AGV.jpg>]
Underfull \hbox (badness 10000) in paragraph at lines 260--261

 []


Overfull \hbox (4.86118pt too wide) in paragraph at lines 267--268
\OT1/cmr/m/n/12 seguendo una se-rie di per-corsi presta-bil-iti (uni-di-reziona
le o bidi-rezionale)
 []

[12]
Underfull \hbox (badness 10000) in paragraph at lines 291--292

 []


Overfull \hbox (8.75604pt too wide) in paragraph at lines 293--294
\OT1/cmr/m/n/12 tosezioni del pro-getto; ad es-em-pio il la-voro doc-u-men-tato
 all'interno dell'articolo
 []

[13]
Overfull \hbox (1.21132pt too wide) in paragraph at lines 312--313
\OT1/cmr/m/n/12 ricezione di quell'oggetto che viene po-sizion-ato sull'AGV da 
un ipotetico
 []

<Figures/Graphics/Zoom_Map.jpg, id=365, 1760.12419pt x 1989.36774pt>
File: Figures/Graphics/Zoom_Map.jpg Graphic file (type jpg)
<use Figures/Graphics/Zoom_Map.jpg>
Package pdftex.def Info: Figures/Graphics/Zoom_Map.jpg  used on input line 318.

(pdftex.def)             Requested size: 389.99483pt x 440.78885pt.
[14] [15 <./Figures/Graphics/Zoom_Map.jpg>]
<Figures/Initial_Dataset/Orders_client.png, id=374, 779.16093pt x 792.71156pt>
File: Figures/Initial_Dataset/Orders_client.png Graphic file (type png)
<use Figures/Initial_Dataset/Orders_client.png>
Package pdftex.def Info: Figures/Initial_Dataset/Orders_client.png  used on inp
ut line 335.
(pdftex.def)             Requested size: 272.99574pt x 277.7435pt.
 [16 <./Figures/Initial_Dataset/Orders_client.png (PNG copy)>]
<Figures/Graphics/Simulation_Domain.PNG, id=379, 966.009pt x 423.984pt>
File: Figures/Graphics/Simulation_Domain.PNG Graphic file (type png)
<use Figures/Graphics/Simulation_Domain.PNG>
Package pdftex.def Info: Figures/Graphics/Simulation_Domain.PNG  used on input 
line 350.
(pdftex.def)             Requested size: 390.0pt x 171.16913pt.
 [17 <./Figures/Graphics/Simulation_Domain.PNG>]
<Figures/Map/Corsie.png, id=386, 471.26062pt x 414.95026pt>
File: Figures/Map/Corsie.png Graphic file (type png)
<use Figures/Map/Corsie.png>
Package pdftex.def Info: Figures/Map/Corsie.png  used on input line 369.
(pdftex.def)             Requested size: 175.49881pt x 154.52959pt.
File: Figures/Map/Corsie.png Graphic file (type png)
<use Figures/Map/Corsie.png>
Package pdftex.def Info: Figures/Map/Corsie.png  used on input line 374.
(pdftex.def)             Requested size: 175.49881pt x 154.52959pt.

Underfull \hbox (badness 10000) in paragraph at lines 379--380
[]\OT1/cmr/bx/n/12 Scaffalature: \OT1/cmr/m/n/12 Rap-p-re-sen-tate
 []


Underfull \hbox (badness 3557) in paragraph at lines 379--380
\OT1/cmr/m/n/12 con il col-ore gri-gio al cen-tro
 []


Underfull \hbox (badness 10000) in paragraph at lines 379--380
\OT1/cmr/m/n/12 dell'ambiente di sim-u-lazione,
 []


Underfull \hbox (badness 2181) in paragraph at lines 379--380
\OT1/cmr/m/n/12 rispec-chi-ando le cor-rispet-tive 8
 []


Underfull \hbox (badness 10000) in paragraph at lines 379--380
\OT1/cmr/m/n/12 scaf-fala-ture pre-senti all'interno
 []

<Figures/Map/Gates.png, id=387, 471.26062pt x 414.95026pt>
File: Figures/Map/Gates.png Graphic file (type png)
<use Figures/Map/Gates.png>
Package pdftex.def Info: Figures/Map/Gates.png  used on input line 390.
(pdftex.def)             Requested size: 175.49881pt x 154.52959pt.
<Figures/Map/WaitingArea.png, id=388, 471.26062pt x 414.95026pt>
File: Figures/Map/WaitingArea.png Graphic file (type png)
<use Figures/Map/WaitingArea.png>
Package pdftex.def Info: Figures/Map/WaitingArea.png  used on input line 395.
(pdftex.def)             Requested size: 175.49881pt x 154.52959pt.
<Figures/Map/ChargingStation.png, id=389, 471.26062pt x 414.95026pt>
File: Figures/Map/ChargingStation.png Graphic file (type png)
<use Figures/Map/ChargingStation.png>
Package pdftex.def Info: Figures/Map/ChargingStation.png  used on input line 41
0.
(pdftex.def)             Requested size: 175.49881pt x 154.52959pt.
<Figures/Map/Offices.png, id=390, 471.26062pt x 414.95026pt>
File: Figures/Map/Offices.png Graphic file (type png)
<use Figures/Map/Offices.png>
Package pdftex.def Info: Figures/Map/Offices.png  used on input line 415.
(pdftex.def)             Requested size: 175.49881pt x 154.52959pt.
[18 <./Figures/Map/Corsie.png> <./Figures/Map/Gates.png> <./Figures/Map/Waiting
Area.png>]
Underfull \hbox (badness 3019) in paragraph at lines 420--421
\OT1/cmr/m/n/12 sono state uti-liz-zate so-la-mente
 []

[19 <./Figures/Map/ChargingStation.png> <./Figures/Map/Offices.png>] [20]
[21]
<Figures/Graphics/State_Transaction.png, id=413, 714.67pt x 935.495pt>
File: Figures/Graphics/State_Transaction.png Graphic file (type png)
<use Figures/Graphics/State_Transaction.png>
Package pdftex.def Info: Figures/Graphics/State_Transaction.png  used on input 
line 472.
(pdftex.def)             Requested size: 292.5pt x 382.88452pt.
 [22 <./Figures/Graphics/State_Transaction.png>] [23] [24]
Underfull \hbox (badness 10000) in paragraph at lines 513--515

 []

<Figures/Graphics/Orders_simulation.png, id=428, 752.0597pt x 792.71156pt>
File: Figures/Graphics/Orders_simulation.png Graphic file (type png)
<use Figures/Graphics/Orders_simulation.png>
Package pdftex.def Info: Figures/Graphics/Orders_simulation.png  used on input 
line 520.
(pdftex.def)             Requested size: 234.00238pt x 246.64522pt.
[25]
<Figures/Graphics/articoli_clienti.png, id=433, 1008.76875pt x 565.11125pt>
File: Figures/Graphics/articoli_clienti.png Graphic file (type png)
<use Figures/Graphics/articoli_clienti.png>
Package pdftex.def Info: Figures/Graphics/articoli_clienti.png  used on input l
ine 530.
(pdftex.def)             Requested size: 312.00119pt x 174.77739pt.
 [26 <./Figures/Graphics/Orders_simulation.png (PNG copy)>]
Overfull \hbox (7.00931pt too wide) in paragraph at lines 546--547
[]\OT1/cmr/bx/n/12 Waiting Gate: \OT1/cmr/m/n/12 nu-mero di timestep trascorsi 
da cias-cun AGV all'interno
 []

[27 <./Figures/Graphics/articoli_clienti.png>] [28]
Underfull \hbox (badness 10000) in paragraph at lines 560--565

 []


Overfull \hbox (2.50703pt too wide) in paragraph at lines 567--568
\OT1/cmr/m/n/12 In questa sezione sono ri-por-tati, de-scritti e anal-iz-zati a
l-cuni dei grafici generati
 []


Underfull \hbox (badness 10000) in paragraph at lines 567--568

 []

[29]
<Figures/Results_Graphics/AGV_Articles.jpg, id=451, 1084.05pt x 722.7pt>
File: Figures/Results_Graphics/AGV_Articles.jpg Graphic file (type jpg)
<use Figures/Results_Graphics/AGV_Articles.jpg>
Package pdftex.def Info: Figures/Results_Graphics/AGV_Articles.jpg  used on inp
ut line 579.
(pdftex.def)             Requested size: 191.10214pt x 127.4007pt.
<Figures/Results_Graphics/Total_Waiting_Gate.jpg, id=452, 1084.05pt x 722.7pt>
File: Figures/Results_Graphics/Total_Waiting_Gate.jpg Graphic file (type jpg)
<use Figures/Results_Graphics/Total_Waiting_Gate.jpg>
Package pdftex.def Info: Figures/Results_Graphics/Total_Waiting_Gate.jpg  used 
on input line 583.
(pdftex.def)             Requested size: 191.10214pt x 127.4007pt.
<Figures/Results_Graphics/Timestep_Conflict_Path.jpg, id=453, 1084.05pt x 722.7
pt>
File: Figures/Results_Graphics/Timestep_Conflict_Path.jpg Graphic file (type jp
g)
<use Figures/Results_Graphics/Timestep_Conflict_Path.jpg>
Package pdftex.def Info: Figures/Results_Graphics/Timestep_Conflict_Path.jpg  u
sed on input line 587.
(pdftex.def)             Requested size: 390.0pt x 259.99536pt.
 [30 <./Figures/Results_Graphics/AGV_Articles.jpg> <./Figures/Results_Graphics/
Total_Waiting_Gate.jpg> <./Figures/Results_Graphics/Timestep_Conflict_Path.jpg>
] [31] (ProjectTemplate.bbl) [32]
Package atveryend Info: Empty hook `BeforeClearDocument' on input line 610.
Package atveryend Info: Empty hook `AfterLastShipout' on input line 610.
 (ProjectTemplate.aux)
Package atveryend Info: Executing hook `AtVeryEndDocument' on input line 610.
Package atveryend Info: Executing hook `AtEndAfterFileList' on input line 610.
Package rerunfilecheck Info: File `ProjectTemplate.out' has not changed.
(rerunfilecheck)             Checksum: BB408FF3A4E102BAD001F028486EA060;2963.
Package atveryend Info: Empty hook `AtVeryVeryEnd' on input line 610.
 ) 
Here is how much of TeX's memory you used:
 19332 strings out of 492973
 363907 string characters out of 3126249
 440515 words of memory out of 3000000
 22724 multiletter control sequences out of 15000+200000
 11072 words of font info for 39 fonts, out of 3000000 for 9000
 1141 hyphenation exceptions out of 8191
 62i,18n,92p,766b,596s stack positions out of 5000i,500n,10000p,200000b,50000s
<C:/Users/Andrea/AppData/Local/Programs/MiKTeX 2.9/fonts/type1/public/amsfont
s/cm/cmbx12.pfb><C:/Users/Andrea/AppData/Local/Programs/MiKTeX 2.9/fonts/type1/
public/amsfonts/cm/cmcsc10.pfb><C:/Users/Andrea/AppData/Local/Programs/MiKTeX 2
.9/fonts/type1/public/amsfonts/cm/cmr12.pfb><C:/Users/Andrea/AppData/Local/Prog
rams/MiKTeX 2.9/fonts/type1/public/amsfonts/cm/cmsy10.pfb><C:/Users/Andrea/AppD
ata/Local/Programs/MiKTeX 2.9/fonts/type1/public/amsfonts/cm/cmti12.pfb>
Output written on ProjectTemplate.pdf (33 pages, 2125039 bytes).
PDF statistics:
 509 PDF objects out of 1000 (max. 8388607)
 103 named destinations out of 1000 (max. 500000)
 545 words of extra memory for PDF output out of 10000 (max. 10000000)

